<?xml version="1.0" encoding="UTF-8"?>
<!-- Generated by org.testng.reporters.JUnitReportReporter -->
<testsuite hostname="LAPTOP-0HNU0H6D" failures="0" tests="1" name="Tests.ScenarioOne" time="53.206" errors="0" timestamp="2021-10-12T19:57:08 IST" skipped="0">
  <testcase classname="Tests.ScenarioOne" name="testNew" time="53.206"/>
  <system-out/>
</testsuite> <!-- Tests.ScenarioOne -->
