<?xml version="1.0" encoding="UTF-8"?>
<!-- Generated by org.testng.reporters.JUnitReportReporter -->
<testsuite hostname="LAPTOP-0HNU0H6D" failures="0" tests="1" name="Tests.ScenarioOne" time="38.682" errors="0" timestamp="2021-10-12T17:00:05 IST" skipped="0">
  <testcase classname="Tests.ScenarioOne" name="testNew" time="38.682"/>
  <system-out/>
</testsuite> <!-- Tests.ScenarioOne -->
