<?xml version="1.0" encoding="UTF-8"?>
<!-- Generated by org.testng.reporters.JUnitReportReporter -->
<testsuite hostname="LAPTOP-0HNU0H6D" failures="0" tests="1" name="Tests.ScenarioOne" time="70.039" errors="0" timestamp="2021-10-13T17:08:05 IST" skipped="0">
  <testcase classname="Tests.ScenarioOne" name="testNew" time="70.039"/>
  <system-out/>
</testsuite> <!-- Tests.ScenarioOne -->
