<?xml version="1.0" encoding="UTF-8"?>
<!-- Generated by org.testng.reporters.JUnitReportReporter -->
<testsuite hostname="LAPTOP-0HNU0H6D" failures="0" tests="1" name="com.qualitest.demo.com.demo1.NewDemoTest" time="2.708" errors="0" timestamp="2021-09-29T18:14:30 IST" skipped="0">
  <testcase classname="com.qualitest.demo.com.demo1.NewDemoTest" name="f" time="2.708"/>
  <system-out/>
</testsuite> <!-- com.qualitest.demo.com.demo1.NewDemoTest -->
