<?xml version="1.0" encoding="UTF-8"?>
<!-- Generated by org.testng.reporters.JUnitReportReporter -->
<testsuite hostname="LAPTOP-0HNU0H6D" failures="0" tests="1" name="Tests.ScenarioOne" time="46.237" errors="0" timestamp="2021-10-04T20:50:32 IST" skipped="0">
  <testcase classname="Tests.ScenarioOne" name="testNew" time="46.237"/>
  <system-out/>
</testsuite> <!-- Tests.ScenarioOne -->
